<?xml version="1.0" encoding="UTF-8"?>
<!-- Generated by org.testng.reporters.JUnitReportReporter -->
<testsuite hostname="DESKTOP-4I94R8U" failures="0" tests="1" name="myClass" time="3.490" errors="0" timestamp="2025-01-02T21:56:42 EET" skipped="0">
  <testcase classname="myClass" name="Radio_Button_Example" time="3.490"/>
  <system-out/>
</testsuite> <!-- myClass -->
